[debug] [2021-07-23T21:24:32.751Z] ----------------------------------------------------------------------
[debug] [2021-07-23T21:24:32.753Z] Command:       /usr/local/bin/node /usr/local/bin/firebase init
[debug] [2021-07-23T21:24:32.754Z] CLI Version:   9.16.0
[debug] [2021-07-23T21:24:32.754Z] Platform:      darwin
[debug] [2021-07-23T21:24:32.754Z] Node Version:  v14.17.0
[debug] [2021-07-23T21:24:32.763Z] Time:          Fri Jul 23 2021 22:24:32 GMT+0100 (GMT+01:00)
[debug] [2021-07-23T21:24:32.763Z] ----------------------------------------------------------------------
[debug] 
[debug] [2021-07-23T21:24:32.767Z] >>> [apiv2][query] GET https://firebase-public.firebaseio.com/cli.json [none]
[debug] [2021-07-23T21:24:32.847Z] > command requires scopes: ["email","openid","https://www.googleapis.com/auth/cloudplatformprojects.readonly","https://www.googleapis.com/auth/firebase","https://www.googleapis.com/auth/cloud-platform"]
[debug] [2021-07-23T21:24:32.847Z] > authorizing via signed-in user (cephaszoubga@gmail.com)
[info] 
     ######## #### ########  ######## ########     ###     ######  ########
     ##        ##  ##     ## ##       ##     ##  ##   ##  ##       ##
     ######    ##  ########  ######   ########  #########  ######  ######
     ##        ##  ##    ##  ##       ##     ## ##     ##       ## ##
     ##       #### ##     ## ######## ########  ##     ##  ######  ########

You're about to initialize a Firebase project in this directory:

  /Users/mac/Documents/FullStack/mon-style-admin

Before we get started, keep in mind:

  * You are initializing within an existing Firebase project directory

[debug] [2021-07-23T21:24:33.352Z] <<< [apiv2][status] GET https://firebase-public.firebaseio.com/cli.json 200
[debug] [2021-07-23T21:24:33.352Z] <<< [apiv2][body] GET https://firebase-public.firebaseio.com/cli.json {"cloudBuildErrorAfter":1594252800000,"cloudBuildWarnAfter":1590019200000,"defaultNode10After":1594252800000,"minVersion":"3.0.5","node8DeploysDisabledAfter":1613390400000,"node8RuntimeDisabledAfter":1615809600000,"node8WarnAfter":1600128000000}
